<?xml version="1.0" encoding="UTF-8"?>
<!-- Generated by org.testng.reporters.JUnitXMLReporter -->
<testsuite hostname="Сотис-ПК" name="Default test" tests="3" failures="1" timestamp="19 Nov 2017 19:43:19 GMT" time="66.564" errors="0">
  <testcase name="loginTest" time="31.678" classname="com.roxsoft.carina_demoTest.MyLoginTest"/>
  <testcase name="loginTestDB" time="1.401" classname="com.roxsoft.carina_demoTest.MyLoginTest">
    <failure type="org.apache.ibatis.exceptions.PersistenceException" message="
### Error querying database.  Cause: java.lang.IllegalArgumentException: Mapped Statements collection does not contain value for dao.MyBatisUserlogin.getAllLoginData
### Cause: java.lang.IllegalArgumentException: Mapped Statements collection does not contain value for dao.MyBatisUserlogin.getAllLoginData">
      <![CDATA[org.apache.ibatis.exceptions.PersistenceException: 
### Error querying database.  Cause: java.lang.IllegalArgumentException: Mapped Statements collection does not contain value for dao.MyBatisUserlogin.getAllLoginData
### Cause: java.lang.IllegalArgumentException: Mapped Statements collection does not contain value for dao.MyBatisUserlogin.getAllLoginData
	at org.apache.ibatis.exceptions.ExceptionFactory.wrapException(ExceptionFactory.java:30)
	at org.apache.ibatis.session.defaults.DefaultSqlSession.selectList(DefaultSqlSession.java:150)
	at org.apache.ibatis.session.defaults.DefaultSqlSession.selectList(DefaultSqlSession.java:141)
	at org.apache.ibatis.session.defaults.DefaultSqlSession.selectList(DefaultSqlSession.java:136)
	at com.roxsoft.carina_demoTest.onlainer.dao.MyBatisUserlogin.getAllLoginData(MyBatisUserlogin.java:18)
	at com.roxsoft.carina_demoTest.MyLoginTest.loginTestDB(MyLoginTest.java:50)
	at sun.reflect.NativeMethodAccessorImpl.invoke0(Native Method)
	at sun.reflect.NativeMethodAccessorImpl.invoke(NativeMethodAccessorImpl.java:62)
	at sun.reflect.DelegatingMethodAccessorImpl.invoke(DelegatingMethodAccessorImpl.java:43)
	at java.lang.reflect.Method.invoke(Method.java:497)
	at org.testng.internal.MethodInvocationHelper.invokeMethod(MethodInvocationHelper.java:84)
	at org.testng.internal.Invoker.invokeMethod(Invoker.java:714)
	at org.testng.internal.Invoker.invokeTestMethod(Invoker.java:901)
	at org.testng.internal.Invoker.invokeTestMethods(Invoker.java:1231)
	at org.testng.internal.TestMethodWorker.invokeTestMethods(TestMethodWorker.java:127)
	at org.testng.internal.TestMethodWorker.run(TestMethodWorker.java:111)
	at org.testng.TestRunner.privateRun(TestRunner.java:767)
	at org.testng.TestRunner.run(TestRunner.java:617)
	at org.testng.SuiteRunner.runTest(SuiteRunner.java:348)
	at org.testng.SuiteRunner.runSequentially(SuiteRunner.java:343)
	at org.testng.SuiteRunner.privateRun(SuiteRunner.java:305)
	at org.testng.SuiteRunner.run(SuiteRunner.java:254)
	at org.testng.SuiteRunnerWorker.runSuite(SuiteRunnerWorker.java:52)
	at org.testng.SuiteRunnerWorker.run(SuiteRunnerWorker.java:86)
	at org.testng.TestNG.runSuitesSequentially(TestNG.java:1224)
	at org.testng.TestNG.runSuitesLocally(TestNG.java:1149)
	at org.testng.TestNG.run(TestNG.java:1057)
	at org.testng.remote.AbstractRemoteTestNG.run(AbstractRemoteTestNG.java:114)
	at org.testng.remote.RemoteTestNG.initAndRun(RemoteTestNG.java:251)
	at org.testng.remote.RemoteTestNG.main(RemoteTestNG.java:77)
Caused by: java.lang.IllegalArgumentException: Mapped Statements collection does not contain value for dao.MyBatisUserlogin.getAllLoginData
	at org.apache.ibatis.session.Configuration$StrictMap.get(Configuration.java:888)
	at org.apache.ibatis.session.Configuration.getMappedStatement(Configuration.java:721)
	at org.apache.ibatis.session.Configuration.getMappedStatement(Configuration.java:714)
	at org.apache.ibatis.session.defaults.DefaultSqlSession.selectList(DefaultSqlSession.java:147)
	... 28 more
]]>
    </failure>
  </testcase> <!-- loginTestDB -->
  <testcase name="loginTestDataProvider" time="30.879" classname="com.roxsoft.carina_demoTest.MyLoginTest"/>
</testsuite> <!-- Default test -->
